INFO - 2024-10-14 14:43:50 --> Session: Class initialized using 'CodeIgniter\Session\Handlers\FileHandler' driver.
WARNING - 2024-10-14 14:43:50 --> Session: Sessions is enabled, and one exists. Please don't $session->start();
INFO - 2024-10-14 14:44:00 --> Session: Class initialized using 'CodeIgniter\Session\Handlers\FileHandler' driver.
WARNING - 2024-10-14 14:44:00 --> Session: Sessions is enabled, and one exists. Please don't $session->start();
INFO - 2024-10-14 14:44:08 --> Session: Class initialized using 'CodeIgniter\Session\Handlers\FileHandler' driver.
INFO - 2024-10-14 14:44:14 --> Session: Class initialized using 'CodeIgniter\Session\Handlers\FileHandler' driver.
INFO - 2024-10-14 14:44:14 --> Session: Class initialized using 'CodeIgniter\Session\Handlers\FileHandler' driver.
INFO - 2024-10-14 14:44:15 --> Session: Class initialized using 'CodeIgniter\Session\Handlers\FileHandler' driver.
INFO - 2024-10-14 14:44:16 --> Session: Class initialized using 'CodeIgniter\Session\Handlers\FileHandler' driver.
INFO - 2024-10-14 14:44:16 --> Session: Class initialized using 'CodeIgniter\Session\Handlers\FileHandler' driver.
INFO - 2024-10-14 14:44:18 --> Session: Class initialized using 'CodeIgniter\Session\Handlers\FileHandler' driver.
INFO - 2024-10-14 14:44:26 --> Session: Class initialized using 'CodeIgniter\Session\Handlers\FileHandler' driver.
INFO - 2024-10-14 14:44:33 --> Session: Class initialized using 'CodeIgniter\Session\Handlers\FileHandler' driver.
INFO - 2024-10-14 14:44:34 --> Session: Class initialized using 'CodeIgniter\Session\Handlers\FileHandler' driver.
INFO - 2024-10-14 14:46:26 --> Session: Class initialized using 'CodeIgniter\Session\Handlers\FileHandler' driver.
INFO - 2024-10-14 14:46:27 --> Session: Class initialized using 'CodeIgniter\Session\Handlers\FileHandler' driver.
INFO - 2024-10-14 14:46:48 --> Session: Class initialized using 'CodeIgniter\Session\Handlers\FileHandler' driver.
INFO - 2024-10-14 14:46:49 --> Session: Class initialized using 'CodeIgniter\Session\Handlers\FileHandler' driver.
INFO - 2024-10-14 14:46:51 --> Session: Class initialized using 'CodeIgniter\Session\Handlers\FileHandler' driver.
INFO - 2024-10-14 14:46:52 --> Session: Class initialized using 'CodeIgniter\Session\Handlers\FileHandler' driver.
INFO - 2024-10-14 14:47:00 --> Session: Class initialized using 'CodeIgniter\Session\Handlers\FileHandler' driver.
INFO - 2024-10-14 14:47:06 --> Session: Class initialized using 'CodeIgniter\Session\Handlers\FileHandler' driver.
INFO - 2024-10-14 14:47:08 --> Session: Class initialized using 'CodeIgniter\Session\Handlers\FileHandler' driver.
INFO - 2024-10-14 14:47:39 --> Session: Class initialized using 'CodeIgniter\Session\Handlers\FileHandler' driver.
INFO - 2024-10-14 14:47:48 --> Session: Class initialized using 'CodeIgniter\Session\Handlers\FileHandler' driver.
ERROR - 2024-10-14 11:57:15 --> [Microsoft][ODBC Driver 17 for SQL Server][SQL Server]Cannot insert the value NULL into column 'USUARIO_ID', table 'cadun_painel_adm.dbo.USUARIO_PERFIL'; column does not allow nulls. INSERT fails.
CRITICAL - 2024-10-14 11:57:15 --> Error: Can only throw objects
[Method: PUT, Route: usuario/6965393E-8697-4FD7-A476-D3FF5A8520E7]
in APPPATH\Controllers\Usuario.php on line 64.
 1 SYSTEMPATH\CodeIgniter.php(933): App\Controllers\Usuario->update('6965393E-8697-4FD7-A476-D3FF5A8520E7')
 2 SYSTEMPATH\CodeIgniter.php(509): CodeIgniter\CodeIgniter->runController(Object(App\Controllers\Usuario))
 3 SYSTEMPATH\CodeIgniter.php(355): CodeIgniter\CodeIgniter->handleRequest(null, Object(Config\Cache), false)
 4 SYSTEMPATH\Boot.php(325): CodeIgniter\CodeIgniter->run()
 5 SYSTEMPATH\Boot.php(67): CodeIgniter\Boot::runCodeIgniter(Object(CodeIgniter\CodeIgniter))
 6 FCPATH\index.php(61): CodeIgniter\Boot::bootWeb(Object(Config\Paths))
ERROR - 2024-10-14 12:01:15 --> [Microsoft][ODBC Driver 17 for SQL Server][SQL Server]Cannot insert the value NULL into column 'USUARIO_ID', table 'cadun_painel_adm.dbo.USUARIO_PERFIL'; column does not allow nulls. INSERT fails.
CRITICAL - 2024-10-14 12:01:15 --> Error: Can only throw objects
[Method: PUT, Route: usuario/6965393E-8697-4FD7-A476-D3FF5A8520E7]
in APPPATH\Controllers\Usuario.php on line 64.
 1 SYSTEMPATH\CodeIgniter.php(933): App\Controllers\Usuario->update('6965393E-8697-4FD7-A476-D3FF5A8520E7')
 2 SYSTEMPATH\CodeIgniter.php(509): CodeIgniter\CodeIgniter->runController(Object(App\Controllers\Usuario))
 3 SYSTEMPATH\CodeIgniter.php(355): CodeIgniter\CodeIgniter->handleRequest(null, Object(Config\Cache), false)
 4 SYSTEMPATH\Boot.php(325): CodeIgniter\CodeIgniter->run()
 5 SYSTEMPATH\Boot.php(67): CodeIgniter\Boot::runCodeIgniter(Object(CodeIgniter\CodeIgniter))
 6 FCPATH\index.php(61): CodeIgniter\Boot::bootWeb(Object(Config\Paths))
ERROR - 2024-10-14 12:01:25 --> [Microsoft][ODBC Driver 17 for SQL Server][SQL Server]Cannot insert the value NULL into column 'USUARIO_ID', table 'cadun_painel_adm.dbo.USUARIO_PERFIL'; column does not allow nulls. INSERT fails.
CRITICAL - 2024-10-14 12:01:25 --> Error: Can only throw objects
[Method: PUT, Route: usuario/6965393E-8697-4FD7-A476-D3FF5A8520E7]
in APPPATH\Controllers\Usuario.php on line 64.
 1 SYSTEMPATH\CodeIgniter.php(933): App\Controllers\Usuario->update('6965393E-8697-4FD7-A476-D3FF5A8520E7')
 2 SYSTEMPATH\CodeIgniter.php(509): CodeIgniter\CodeIgniter->runController(Object(App\Controllers\Usuario))
 3 SYSTEMPATH\CodeIgniter.php(355): CodeIgniter\CodeIgniter->handleRequest(null, Object(Config\Cache), false)
 4 SYSTEMPATH\Boot.php(325): CodeIgniter\CodeIgniter->run()
 5 SYSTEMPATH\Boot.php(67): CodeIgniter\Boot::runCodeIgniter(Object(CodeIgniter\CodeIgniter))
 6 FCPATH\index.php(61): CodeIgniter\Boot::bootWeb(Object(Config\Paths))
ERROR - 2024-10-14 12:04:42 --> [Microsoft][ODBC Driver 17 for SQL Server][SQL Server]Cannot insert the value NULL into column 'USUARIO_ID', table 'cadun_painel_adm.dbo.USUARIO_PERFIL'; column does not allow nulls. INSERT fails.
CRITICAL - 2024-10-14 12:04:42 --> Error: Can only throw objects
[Method: PUT, Route: usuario/6965393E-8697-4FD7-A476-D3FF5A8520E7]
in APPPATH\Controllers\Usuario.php on line 64.
 1 SYSTEMPATH\CodeIgniter.php(933): App\Controllers\Usuario->update('6965393E-8697-4FD7-A476-D3FF5A8520E7')
 2 SYSTEMPATH\CodeIgniter.php(509): CodeIgniter\CodeIgniter->runController(Object(App\Controllers\Usuario))
 3 SYSTEMPATH\CodeIgniter.php(355): CodeIgniter\CodeIgniter->handleRequest(null, Object(Config\Cache), false)
 4 SYSTEMPATH\Boot.php(325): CodeIgniter\CodeIgniter->run()
 5 SYSTEMPATH\Boot.php(67): CodeIgniter\Boot::runCodeIgniter(Object(CodeIgniter\CodeIgniter))
 6 FCPATH\index.php(61): CodeIgniter\Boot::bootWeb(Object(Config\Paths))
ERROR - 2024-10-14 12:05:36 --> [Microsoft][ODBC Driver 17 for SQL Server][SQL Server]Cannot insert the value NULL into column 'USUARIO_ID', table 'cadun_painel_adm.dbo.USUARIO_PERFIL'; column does not allow nulls. INSERT fails.
CRITICAL - 2024-10-14 12:05:36 --> Error: Can only throw objects
[Method: PUT, Route: usuario/6965393E-8697-4FD7-A476-D3FF5A8520E7]
in APPPATH\Controllers\Usuario.php on line 64.
 1 SYSTEMPATH\CodeIgniter.php(933): App\Controllers\Usuario->update('6965393E-8697-4FD7-A476-D3FF5A8520E7')
 2 SYSTEMPATH\CodeIgniter.php(509): CodeIgniter\CodeIgniter->runController(Object(App\Controllers\Usuario))
 3 SYSTEMPATH\CodeIgniter.php(355): CodeIgniter\CodeIgniter->handleRequest(null, Object(Config\Cache), false)
 4 SYSTEMPATH\Boot.php(325): CodeIgniter\CodeIgniter->run()
 5 SYSTEMPATH\Boot.php(67): CodeIgniter\Boot::runCodeIgniter(Object(CodeIgniter\CodeIgniter))
 6 FCPATH\index.php(61): CodeIgniter\Boot::bootWeb(Object(Config\Paths))
CRITICAL - 2024-10-14 12:05:54 --> Error: Can only throw objects
[Method: PUT, Route: usuario/6965393E-8697-4FD7-A476-D3FF5A8520E7]
in APPPATH\Controllers\Usuario.php on line 64.
 1 SYSTEMPATH\CodeIgniter.php(933): App\Controllers\Usuario->update('6965393E-8697-4FD7-A476-D3FF5A8520E7')
 2 SYSTEMPATH\CodeIgniter.php(509): CodeIgniter\CodeIgniter->runController(Object(App\Controllers\Usuario))
 3 SYSTEMPATH\CodeIgniter.php(355): CodeIgniter\CodeIgniter->handleRequest(null, Object(Config\Cache), false)
 4 SYSTEMPATH\Boot.php(325): CodeIgniter\CodeIgniter->run()
 5 SYSTEMPATH\Boot.php(67): CodeIgniter\Boot::runCodeIgniter(Object(CodeIgniter\CodeIgniter))
 6 FCPATH\index.php(61): CodeIgniter\Boot::bootWeb(Object(Config\Paths))
ERROR - 2024-10-14 12:06:39 --> [Microsoft][ODBC Driver 17 for SQL Server][SQL Server]Cannot insert the value NULL into column 'USUARIO_ID', table 'cadun_painel_adm.dbo.USUARIO_PERFIL'; column does not allow nulls. INSERT fails.
CRITICAL - 2024-10-14 12:06:39 --> Error: Can only throw objects
[Method: PUT, Route: usuario/6965393E-8697-4FD7-A476-D3FF5A8520E7]
in APPPATH\Controllers\Usuario.php on line 64.
 1 SYSTEMPATH\CodeIgniter.php(933): App\Controllers\Usuario->update('6965393E-8697-4FD7-A476-D3FF5A8520E7')
 2 SYSTEMPATH\CodeIgniter.php(509): CodeIgniter\CodeIgniter->runController(Object(App\Controllers\Usuario))
 3 SYSTEMPATH\CodeIgniter.php(355): CodeIgniter\CodeIgniter->handleRequest(null, Object(Config\Cache), false)
 4 SYSTEMPATH\Boot.php(325): CodeIgniter\CodeIgniter->run()
 5 SYSTEMPATH\Boot.php(67): CodeIgniter\Boot::runCodeIgniter(Object(CodeIgniter\CodeIgniter))
 6 FCPATH\index.php(61): CodeIgniter\Boot::bootWeb(Object(Config\Paths))
ERROR - 2024-10-14 13:11:45 --> [Microsoft][ODBC Driver 17 for SQL Server][SQL Server]Cannot insert the value NULL into column 'USUARIO_ID', table 'cadun_painel_adm.dbo.USUARIO_PERFIL'; column does not allow nulls. INSERT fails.
CRITICAL - 2024-10-14 13:11:45 --> Error: Can only throw objects
[Method: PUT, Route: usuario/6965393E-8697-4FD7-A476-D3FF5A8520E7]
in APPPATH\Controllers\Usuario.php on line 64.
 1 SYSTEMPATH\CodeIgniter.php(933): App\Controllers\Usuario->update('6965393E-8697-4FD7-A476-D3FF5A8520E7')
 2 SYSTEMPATH\CodeIgniter.php(509): CodeIgniter\CodeIgniter->runController(Object(App\Controllers\Usuario))
 3 SYSTEMPATH\CodeIgniter.php(355): CodeIgniter\CodeIgniter->handleRequest(null, Object(Config\Cache), false)
 4 SYSTEMPATH\Boot.php(325): CodeIgniter\CodeIgniter->run()
 5 SYSTEMPATH\Boot.php(67): CodeIgniter\Boot::runCodeIgniter(Object(CodeIgniter\CodeIgniter))
 6 FCPATH\index.php(61): CodeIgniter\Boot::bootWeb(Object(Config\Paths))
ERROR - 2024-10-14 13:11:53 --> [Microsoft][ODBC Driver 17 for SQL Server][SQL Server]Cannot insert the value NULL into column 'USUARIO_ID', table 'cadun_painel_adm.dbo.USUARIO_PERFIL'; column does not allow nulls. INSERT fails.
CRITICAL - 2024-10-14 13:11:53 --> Error: Can only throw objects
[Method: PUT, Route: usuario/6965393E-8697-4FD7-A476-D3FF5A8520E7]
in APPPATH\Controllers\Usuario.php on line 64.
 1 SYSTEMPATH\CodeIgniter.php(933): App\Controllers\Usuario->update('6965393E-8697-4FD7-A476-D3FF5A8520E7')
 2 SYSTEMPATH\CodeIgniter.php(509): CodeIgniter\CodeIgniter->runController(Object(App\Controllers\Usuario))
 3 SYSTEMPATH\CodeIgniter.php(355): CodeIgniter\CodeIgniter->handleRequest(null, Object(Config\Cache), false)
 4 SYSTEMPATH\Boot.php(325): CodeIgniter\CodeIgniter->run()
 5 SYSTEMPATH\Boot.php(67): CodeIgniter\Boot::runCodeIgniter(Object(CodeIgniter\CodeIgniter))
 6 FCPATH\index.php(61): CodeIgniter\Boot::bootWeb(Object(Config\Paths))
ERROR - 2024-10-14 13:12:29 --> [Microsoft][ODBC Driver 17 for SQL Server][SQL Server]Cannot insert the value NULL into column 'USUARIO_ID', table 'cadun_painel_adm.dbo.USUARIO_PERFIL'; column does not allow nulls. INSERT fails.
CRITICAL - 2024-10-14 13:12:29 --> Error: Can only throw objects
[Method: PUT, Route: usuario/6965393E-8697-4FD7-A476-D3FF5A8520E7]
in APPPATH\Controllers\Usuario.php on line 64.
 1 SYSTEMPATH\CodeIgniter.php(933): App\Controllers\Usuario->update('6965393E-8697-4FD7-A476-D3FF5A8520E7')
 2 SYSTEMPATH\CodeIgniter.php(509): CodeIgniter\CodeIgniter->runController(Object(App\Controllers\Usuario))
 3 SYSTEMPATH\CodeIgniter.php(355): CodeIgniter\CodeIgniter->handleRequest(null, Object(Config\Cache), false)
 4 SYSTEMPATH\Boot.php(325): CodeIgniter\CodeIgniter->run()
 5 SYSTEMPATH\Boot.php(67): CodeIgniter\Boot::runCodeIgniter(Object(CodeIgniter\CodeIgniter))
 6 FCPATH\index.php(61): CodeIgniter\Boot::bootWeb(Object(Config\Paths))
ERROR - 2024-10-14 13:16:57 --> [Microsoft][ODBC Driver 17 for SQL Server][SQL Server]Cannot insert the value NULL into column 'USUARIO_ID', table 'cadun_painel_adm.dbo.USUARIO_PERFIL'; column does not allow nulls. INSERT fails.
CRITICAL - 2024-10-14 13:16:57 --> Error: Can only throw objects
[Method: PUT, Route: usuario/6965393E-8697-4FD7-A476-D3FF5A8520E7]
in APPPATH\Controllers\Usuario.php on line 64.
 1 SYSTEMPATH\CodeIgniter.php(933): App\Controllers\Usuario->update('6965393E-8697-4FD7-A476-D3FF5A8520E7')
 2 SYSTEMPATH\CodeIgniter.php(509): CodeIgniter\CodeIgniter->runController(Object(App\Controllers\Usuario))
 3 SYSTEMPATH\CodeIgniter.php(355): CodeIgniter\CodeIgniter->handleRequest(null, Object(Config\Cache), false)
 4 SYSTEMPATH\Boot.php(325): CodeIgniter\CodeIgniter->run()
 5 SYSTEMPATH\Boot.php(67): CodeIgniter\Boot::runCodeIgniter(Object(CodeIgniter\CodeIgniter))
 6 FCPATH\index.php(61): CodeIgniter\Boot::bootWeb(Object(Config\Paths))
ERROR - 2024-10-14 13:18:18 --> [Microsoft][ODBC Driver 17 for SQL Server][SQL Server]Cannot insert the value NULL into column 'USUARIO_ID', table 'cadun_painel_adm.dbo.USUARIO_PERFIL'; column does not allow nulls. INSERT fails.
CRITICAL - 2024-10-14 13:18:18 --> Error: Can only throw objects
[Method: PUT, Route: usuario/6965393E-8697-4FD7-A476-D3FF5A8520E7]
in APPPATH\Controllers\Usuario.php on line 64.
 1 SYSTEMPATH\CodeIgniter.php(933): App\Controllers\Usuario->update('6965393E-8697-4FD7-A476-D3FF5A8520E7')
 2 SYSTEMPATH\CodeIgniter.php(509): CodeIgniter\CodeIgniter->runController(Object(App\Controllers\Usuario))
 3 SYSTEMPATH\CodeIgniter.php(355): CodeIgniter\CodeIgniter->handleRequest(null, Object(Config\Cache), false)
 4 SYSTEMPATH\Boot.php(325): CodeIgniter\CodeIgniter->run()
 5 SYSTEMPATH\Boot.php(67): CodeIgniter\Boot::runCodeIgniter(Object(CodeIgniter\CodeIgniter))
 6 FCPATH\index.php(61): CodeIgniter\Boot::bootWeb(Object(Config\Paths))
ERROR - 2024-10-14 13:19:18 --> [Microsoft][ODBC Driver 17 for SQL Server][SQL Server]Cannot insert the value NULL into column 'USUARIO_ID', table 'cadun_painel_adm.dbo.USUARIO_PERFIL'; column does not allow nulls. INSERT fails.
CRITICAL - 2024-10-14 13:19:18 --> Error: Can only throw objects
[Method: PUT, Route: usuario/6965393E-8697-4FD7-A476-D3FF5A8520E7]
in APPPATH\Controllers\Usuario.php on line 64.
 1 SYSTEMPATH\CodeIgniter.php(933): App\Controllers\Usuario->update('6965393E-8697-4FD7-A476-D3FF5A8520E7')
 2 SYSTEMPATH\CodeIgniter.php(509): CodeIgniter\CodeIgniter->runController(Object(App\Controllers\Usuario))
 3 SYSTEMPATH\CodeIgniter.php(355): CodeIgniter\CodeIgniter->handleRequest(null, Object(Config\Cache), false)
 4 SYSTEMPATH\Boot.php(325): CodeIgniter\CodeIgniter->run()
 5 SYSTEMPATH\Boot.php(67): CodeIgniter\Boot::runCodeIgniter(Object(CodeIgniter\CodeIgniter))
 6 FCPATH\index.php(61): CodeIgniter\Boot::bootWeb(Object(Config\Paths))
CRITICAL - 2024-10-14 16:19:37 --> ParseError: syntax error, unexpected token "}"
[Method: PUT, Route: usuario/6965393E-8697-4FD7-A476-D3FF5A8520E7]
in APPPATH\Controllers\BaseController.php on line 95.
 1 VENDORPATH\composer\ClassLoader.php(427): Composer\Autoload\{closure}('C:\\WEBSERVER\\sites\\painel-admin-cadUnico\\back-end\\vendor\\composer/../../app/Controllers/BaseController.php')
 2 APPPATH\Models\Usuario_Perfil.php(8): Composer\Autoload\ClassLoader->loadClass('App\\Controllers\\BaseController')
 3 VENDORPATH\composer\ClassLoader.php(576): include('C:\\WEBSERVER\\sites\\painel-admin-cadUnico\\back-end\\app\\Models\\Usuario_Perfil.php')
 4 VENDORPATH\composer\ClassLoader.php(427): Composer\Autoload\{closure}('C:\\WEBSERVER\\sites\\painel-admin-cadUnico\\back-end\\vendor\\composer/../../app/Models/Usuario_Perfil.php')
 5 APPPATH\Models\Usuario.php(10): Composer\Autoload\ClassLoader->loadClass('App\\Models\\Usuario_Perfil')
 6 VENDORPATH\composer\ClassLoader.php(576): include('C:\\WEBSERVER\\sites\\painel-admin-cadUnico\\back-end\\app\\Models\\Usuario.php')
 7 VENDORPATH\composer\ClassLoader.php(427): Composer\Autoload\{closure}('C:\\WEBSERVER\\sites\\painel-admin-cadUnico\\back-end\\vendor\\composer/../../app/Models/Usuario.php')
 8 APPPATH\Controllers\Usuario.php(7): Composer\Autoload\ClassLoader->loadClass('App\\Models\\Usuario')
 9 VENDORPATH\composer\ClassLoader.php(576): include('C:\\WEBSERVER\\sites\\painel-admin-cadUnico\\back-end\\app\\Controllers\\Usuario.php')
10 VENDORPATH\composer\ClassLoader.php(427): Composer\Autoload\{closure}('C:\\WEBSERVER\\sites\\painel-admin-cadUnico\\back-end\\vendor\\composer/../../app/Controllers/Usuario.php')
11 [internal function]: Composer\Autoload\ClassLoader->loadClass('App\\Controllers\\Usuario')
12 SYSTEMPATH\CodeIgniter.php(887): class_exists('\\App\\Controllers\\Usuario', true)
13 SYSTEMPATH\CodeIgniter.php(496): CodeIgniter\CodeIgniter->startController()
14 SYSTEMPATH\CodeIgniter.php(355): CodeIgniter\CodeIgniter->handleRequest(null, Object(Config\Cache), false)
15 SYSTEMPATH\Boot.php(325): CodeIgniter\CodeIgniter->run()
16 SYSTEMPATH\Boot.php(67): CodeIgniter\Boot::runCodeIgniter(Object(CodeIgniter\CodeIgniter))
17 FCPATH\index.php(61): CodeIgniter\Boot::bootWeb(Object(Config\Paths))
CRITICAL - 2024-10-14 13:20:37 --> Error: Can only throw objects
[Method: PUT, Route: usuario/6965393E-8697-4FD7-A476-D3FF5A8520E7]
in APPPATH\Controllers\Usuario.php on line 64.
 1 SYSTEMPATH\CodeIgniter.php(933): App\Controllers\Usuario->update('6965393E-8697-4FD7-A476-D3FF5A8520E7')
 2 SYSTEMPATH\CodeIgniter.php(509): CodeIgniter\CodeIgniter->runController(Object(App\Controllers\Usuario))
 3 SYSTEMPATH\CodeIgniter.php(355): CodeIgniter\CodeIgniter->handleRequest(null, Object(Config\Cache), false)
 4 SYSTEMPATH\Boot.php(325): CodeIgniter\CodeIgniter->run()
 5 SYSTEMPATH\Boot.php(67): CodeIgniter\Boot::runCodeIgniter(Object(CodeIgniter\CodeIgniter))
 6 FCPATH\index.php(61): CodeIgniter\Boot::bootWeb(Object(Config\Paths))
CRITICAL - 2024-10-14 13:21:09 --> Error: Object of class stdClass could not be converted to string
[Method: PUT, Route: usuario/6965393E-8697-4FD7-A476-D3FF5A8520E7]
in APPPATH\Models\Usuario.php on line 57.
 1 APPPATH\Controllers\Usuario.php(62): App\Models\Usuario->updatedUser()
 2 SYSTEMPATH\CodeIgniter.php(933): App\Controllers\Usuario->update('6965393E-8697-4FD7-A476-D3FF5A8520E7')
 3 SYSTEMPATH\CodeIgniter.php(509): CodeIgniter\CodeIgniter->runController(Object(App\Controllers\Usuario))
 4 SYSTEMPATH\CodeIgniter.php(355): CodeIgniter\CodeIgniter->handleRequest(null, Object(Config\Cache), false)
 5 SYSTEMPATH\Boot.php(325): CodeIgniter\CodeIgniter->run()
 6 SYSTEMPATH\Boot.php(67): CodeIgniter\Boot::runCodeIgniter(Object(CodeIgniter\CodeIgniter))
 7 FCPATH\index.php(61): CodeIgniter\Boot::bootWeb(Object(Config\Paths))
CRITICAL - 2024-10-14 13:22:06 --> Error: Cannot use object of type stdClass as array
[Method: PUT, Route: usuario/6965393E-8697-4FD7-A476-D3FF5A8520E7]
in APPPATH\Models\Usuario.php on line 56.
 1 APPPATH\Controllers\Usuario.php(62): App\Models\Usuario->updatedUser()
 2 SYSTEMPATH\CodeIgniter.php(933): App\Controllers\Usuario->update('6965393E-8697-4FD7-A476-D3FF5A8520E7')
 3 SYSTEMPATH\CodeIgniter.php(509): CodeIgniter\CodeIgniter->runController(Object(App\Controllers\Usuario))
 4 SYSTEMPATH\CodeIgniter.php(355): CodeIgniter\CodeIgniter->handleRequest(null, Object(Config\Cache), false)
 5 SYSTEMPATH\Boot.php(325): CodeIgniter\CodeIgniter->run()
 6 SYSTEMPATH\Boot.php(67): CodeIgniter\Boot::runCodeIgniter(Object(CodeIgniter\CodeIgniter))
 7 FCPATH\index.php(61): CodeIgniter\Boot::bootWeb(Object(Config\Paths))
INFO - 2024-10-14 16:24:04 --> Session: Class initialized using 'CodeIgniter\Session\Handlers\FileHandler' driver.
WARNING - 2024-10-14 16:24:04 --> Session: Sessions is enabled, and one exists. Please don't $session->start();
INFO - 2024-10-14 16:24:08 --> Session: Class initialized using 'CodeIgniter\Session\Handlers\FileHandler' driver.
INFO - 2024-10-14 16:30:10 --> Session: Class initialized using 'CodeIgniter\Session\Handlers\FileHandler' driver.
INFO - 2024-10-14 16:30:17 --> Session: Class initialized using 'CodeIgniter\Session\Handlers\FileHandler' driver.
WARNING - 2024-10-14 16:30:17 --> Session: Sessions is enabled, and one exists. Please don't $session->start();
INFO - 2024-10-14 16:30:26 --> Session: Class initialized using 'CodeIgniter\Session\Handlers\FileHandler' driver.
WARNING - 2024-10-14 16:30:26 --> Session: Sessions is enabled, and one exists. Please don't $session->start();
INFO - 2024-10-14 16:31:41 --> Session: Class initialized using 'CodeIgniter\Session\Handlers\FileHandler' driver.
WARNING - 2024-10-14 16:31:41 --> Session: Sessions is enabled, and one exists. Please don't $session->start();
INFO - 2024-10-14 16:31:52 --> Session: Class initialized using 'CodeIgniter\Session\Handlers\FileHandler' driver.
WARNING - 2024-10-14 16:31:52 --> Session: Sessions is enabled, and one exists. Please don't $session->start();
INFO - 2024-10-14 16:32:02 --> Session: Class initialized using 'CodeIgniter\Session\Handlers\FileHandler' driver.
WARNING - 2024-10-14 16:32:02 --> Session: Sessions is enabled, and one exists. Please don't $session->start();
INFO - 2024-10-14 16:32:15 --> Session: Class initialized using 'CodeIgniter\Session\Handlers\FileHandler' driver.
WARNING - 2024-10-14 16:32:15 --> Session: Sessions is enabled, and one exists. Please don't $session->start();
INFO - 2024-10-14 16:32:22 --> Session: Class initialized using 'CodeIgniter\Session\Handlers\FileHandler' driver.
