INFO - 2024-09-16 14:29:59 --> Session: Class initialized using 'CodeIgniter\Session\Handlers\FileHandler' driver.
WARNING - 2024-09-16 14:29:59 --> Session: Sessions is enabled, and one exists. Please don't $session->start();
CRITICAL - 2024-09-16 14:30:06 --> ErrorException: Undefined property: stdClass::$STATUS
[Method: GET, Route: menu]
in APPPATH\Models\MenuModel.php on line 50.
 1 APPPATH\Models\MenuModel.php(50): CodeIgniter\Debug\Exceptions->errorHandler(2, 'Undefined property: stdClass::$STATUS', 'C:\\WEBSERVER\\sites\\painel-admin-cadUnico\\back-end\\app\\Models\\MenuModel.php', 50)
 2 APPPATH\Controllers\Menu.php(33): App\Models\MenuModel->show_menu()
 3 SYSTEMPATH\CodeIgniter.php(933): App\Controllers\Menu->index()
 4 SYSTEMPATH\CodeIgniter.php(509): CodeIgniter\CodeIgniter->runController(Object(App\Controllers\Menu))
 5 SYSTEMPATH\CodeIgniter.php(355): CodeIgniter\CodeIgniter->handleRequest(null, Object(Config\Cache), false)
 6 SYSTEMPATH\Boot.php(325): CodeIgniter\CodeIgniter->run()
 7 SYSTEMPATH\Boot.php(67): CodeIgniter\Boot::runCodeIgniter(Object(CodeIgniter\CodeIgniter))
 8 FCPATH\index.php(61): CodeIgniter\Boot::bootWeb(Object(Config\Paths))
CRITICAL - 2024-09-16 14:30:13 --> ErrorException: Undefined property: stdClass::$STATUS
[Method: GET, Route: menu]
in APPPATH\Models\MenuModel.php on line 50.
 1 APPPATH\Models\MenuModel.php(50): CodeIgniter\Debug\Exceptions->errorHandler(2, 'Undefined property: stdClass::$STATUS', 'C:\\WEBSERVER\\sites\\painel-admin-cadUnico\\back-end\\app\\Models\\MenuModel.php', 50)
 2 APPPATH\Controllers\Menu.php(33): App\Models\MenuModel->show_menu()
 3 SYSTEMPATH\CodeIgniter.php(933): App\Controllers\Menu->index()
 4 SYSTEMPATH\CodeIgniter.php(509): CodeIgniter\CodeIgniter->runController(Object(App\Controllers\Menu))
 5 SYSTEMPATH\CodeIgniter.php(355): CodeIgniter\CodeIgniter->handleRequest(null, Object(Config\Cache), false)
 6 SYSTEMPATH\Boot.php(325): CodeIgniter\CodeIgniter->run()
 7 SYSTEMPATH\Boot.php(67): CodeIgniter\Boot::runCodeIgniter(Object(CodeIgniter\CodeIgniter))
 8 FCPATH\index.php(61): CodeIgniter\Boot::bootWeb(Object(Config\Paths))
INFO - 2024-09-16 14:30:14 --> Session: Class initialized using 'CodeIgniter\Session\Handlers\FileHandler' driver.
INFO - 2024-09-16 14:30:17 --> Session: Class initialized using 'CodeIgniter\Session\Handlers\FileHandler' driver.
CRITICAL - 2024-09-16 14:30:20 --> ErrorException: Undefined property: stdClass::$STATUS
[Method: GET, Route: menu]
in APPPATH\Models\MenuModel.php on line 50.
 1 APPPATH\Models\MenuModel.php(50): CodeIgniter\Debug\Exceptions->errorHandler(2, 'Undefined property: stdClass::$STATUS', 'C:\\WEBSERVER\\sites\\painel-admin-cadUnico\\back-end\\app\\Models\\MenuModel.php', 50)
 2 APPPATH\Controllers\Menu.php(33): App\Models\MenuModel->show_menu()
 3 SYSTEMPATH\CodeIgniter.php(933): App\Controllers\Menu->index()
 4 SYSTEMPATH\CodeIgniter.php(509): CodeIgniter\CodeIgniter->runController(Object(App\Controllers\Menu))
 5 SYSTEMPATH\CodeIgniter.php(355): CodeIgniter\CodeIgniter->handleRequest(null, Object(Config\Cache), false)
 6 SYSTEMPATH\Boot.php(325): CodeIgniter\CodeIgniter->run()
 7 SYSTEMPATH\Boot.php(67): CodeIgniter\Boot::runCodeIgniter(Object(CodeIgniter\CodeIgniter))
 8 FCPATH\index.php(61): CodeIgniter\Boot::bootWeb(Object(Config\Paths))
CRITICAL - 2024-09-16 14:30:42 --> ErrorException: Undefined property: stdClass::$STATUS
[Method: GET, Route: menu]
in APPPATH\Models\MenuModel.php on line 50.
 1 APPPATH\Models\MenuModel.php(50): CodeIgniter\Debug\Exceptions->errorHandler(2, 'Undefined property: stdClass::$STATUS', 'C:\\WEBSERVER\\sites\\painel-admin-cadUnico\\back-end\\app\\Models\\MenuModel.php', 50)
 2 APPPATH\Controllers\Menu.php(33): App\Models\MenuModel->show_menu()
 3 SYSTEMPATH\CodeIgniter.php(933): App\Controllers\Menu->index()
 4 SYSTEMPATH\CodeIgniter.php(509): CodeIgniter\CodeIgniter->runController(Object(App\Controllers\Menu))
 5 SYSTEMPATH\CodeIgniter.php(355): CodeIgniter\CodeIgniter->handleRequest(null, Object(Config\Cache), false)
 6 SYSTEMPATH\Boot.php(325): CodeIgniter\CodeIgniter->run()
 7 SYSTEMPATH\Boot.php(67): CodeIgniter\Boot::runCodeIgniter(Object(CodeIgniter\CodeIgniter))
 8 FCPATH\index.php(61): CodeIgniter\Boot::bootWeb(Object(Config\Paths))
CRITICAL - 2024-09-16 14:31:16 --> Error: Cannot use object of type stdClass as array
[Method: GET, Route: menu]
in APPPATH\Models\MenuModel.php on line 50.
 1 APPPATH\Controllers\Menu.php(33): App\Models\MenuModel->show_menu()
 2 SYSTEMPATH\CodeIgniter.php(933): App\Controllers\Menu->index()
 3 SYSTEMPATH\CodeIgniter.php(509): CodeIgniter\CodeIgniter->runController(Object(App\Controllers\Menu))
 4 SYSTEMPATH\CodeIgniter.php(355): CodeIgniter\CodeIgniter->handleRequest(null, Object(Config\Cache), false)
 5 SYSTEMPATH\Boot.php(325): CodeIgniter\CodeIgniter->run()
 6 SYSTEMPATH\Boot.php(67): CodeIgniter\Boot::runCodeIgniter(Object(CodeIgniter\CodeIgniter))
 7 FCPATH\index.php(61): CodeIgniter\Boot::bootWeb(Object(Config\Paths))
CRITICAL - 2024-09-16 14:31:24 --> ErrorException: Undefined property: stdClass::$STATUS
[Method: GET, Route: menu]
in APPPATH\Models\MenuModel.php on line 50.
 1 APPPATH\Models\MenuModel.php(50): CodeIgniter\Debug\Exceptions->errorHandler(2, 'Undefined property: stdClass::$STATUS', 'C:\\WEBSERVER\\sites\\painel-admin-cadUnico\\back-end\\app\\Models\\MenuModel.php', 50)
 2 APPPATH\Controllers\Menu.php(33): App\Models\MenuModel->show_menu()
 3 SYSTEMPATH\CodeIgniter.php(933): App\Controllers\Menu->index()
 4 SYSTEMPATH\CodeIgniter.php(509): CodeIgniter\CodeIgniter->runController(Object(App\Controllers\Menu))
 5 SYSTEMPATH\CodeIgniter.php(355): CodeIgniter\CodeIgniter->handleRequest(null, Object(Config\Cache), false)
 6 SYSTEMPATH\Boot.php(325): CodeIgniter\CodeIgniter->run()
 7 SYSTEMPATH\Boot.php(67): CodeIgniter\Boot::runCodeIgniter(Object(CodeIgniter\CodeIgniter))
 8 FCPATH\index.php(61): CodeIgniter\Boot::bootWeb(Object(Config\Paths))
CRITICAL - 2024-09-16 14:32:04 --> ErrorException: Undefined property: stdClass::$STATUS
[Method: GET, Route: menu]
in APPPATH\Models\MenuModel.php on line 50.
 1 APPPATH\Models\MenuModel.php(50): CodeIgniter\Debug\Exceptions->errorHandler(2, 'Undefined property: stdClass::$STATUS', 'C:\\WEBSERVER\\sites\\painel-admin-cadUnico\\back-end\\app\\Models\\MenuModel.php', 50)
 2 APPPATH\Controllers\Menu.php(33): App\Models\MenuModel->show_menu()
 3 SYSTEMPATH\CodeIgniter.php(933): App\Controllers\Menu->index()
 4 SYSTEMPATH\CodeIgniter.php(509): CodeIgniter\CodeIgniter->runController(Object(App\Controllers\Menu))
 5 SYSTEMPATH\CodeIgniter.php(355): CodeIgniter\CodeIgniter->handleRequest(null, Object(Config\Cache), false)
 6 SYSTEMPATH\Boot.php(325): CodeIgniter\CodeIgniter->run()
 7 SYSTEMPATH\Boot.php(67): CodeIgniter\Boot::runCodeIgniter(Object(CodeIgniter\CodeIgniter))
 8 FCPATH\index.php(61): CodeIgniter\Boot::bootWeb(Object(Config\Paths))
CRITICAL - 2024-09-16 14:32:25 --> ErrorException: Undefined property: stdClass::$STATUS
[Method: GET, Route: menu]
in APPPATH\Models\MenuModel.php on line 50.
 1 APPPATH\Models\MenuModel.php(50): CodeIgniter\Debug\Exceptions->errorHandler(2, 'Undefined property: stdClass::$STATUS', 'C:\\WEBSERVER\\sites\\painel-admin-cadUnico\\back-end\\app\\Models\\MenuModel.php', 50)
 2 APPPATH\Controllers\Menu.php(33): App\Models\MenuModel->show_menu()
 3 SYSTEMPATH\CodeIgniter.php(933): App\Controllers\Menu->index()
 4 SYSTEMPATH\CodeIgniter.php(509): CodeIgniter\CodeIgniter->runController(Object(App\Controllers\Menu))
 5 SYSTEMPATH\CodeIgniter.php(355): CodeIgniter\CodeIgniter->handleRequest(null, Object(Config\Cache), false)
 6 SYSTEMPATH\Boot.php(325): CodeIgniter\CodeIgniter->run()
 7 SYSTEMPATH\Boot.php(67): CodeIgniter\Boot::runCodeIgniter(Object(CodeIgniter\CodeIgniter))
 8 FCPATH\index.php(61): CodeIgniter\Boot::bootWeb(Object(Config\Paths))
CRITICAL - 2024-09-16 14:32:43 --> ErrorException: Undefined property: stdClass::$MENU
[Method: GET, Route: menu]
in APPPATH\Models\MenuModel.php on line 50.
 1 APPPATH\Models\MenuModel.php(50): CodeIgniter\Debug\Exceptions->errorHandler(2, 'Undefined property: stdClass::$MENU', 'C:\\WEBSERVER\\sites\\painel-admin-cadUnico\\back-end\\app\\Models\\MenuModel.php', 50)
 2 APPPATH\Controllers\Menu.php(33): App\Models\MenuModel->show_menu()
 3 SYSTEMPATH\CodeIgniter.php(933): App\Controllers\Menu->index()
 4 SYSTEMPATH\CodeIgniter.php(509): CodeIgniter\CodeIgniter->runController(Object(App\Controllers\Menu))
 5 SYSTEMPATH\CodeIgniter.php(355): CodeIgniter\CodeIgniter->handleRequest(null, Object(Config\Cache), false)
 6 SYSTEMPATH\Boot.php(325): CodeIgniter\CodeIgniter->run()
 7 SYSTEMPATH\Boot.php(67): CodeIgniter\Boot::runCodeIgniter(Object(CodeIgniter\CodeIgniter))
 8 FCPATH\index.php(61): CodeIgniter\Boot::bootWeb(Object(Config\Paths))
INFO - 2024-09-16 15:00:10 --> Session: Class initialized using 'CodeIgniter\Session\Handlers\FileHandler' driver.
CRITICAL - 2024-09-16 15:00:20 --> WpOrg\Requests\Exception: cURL error 28: Operation timed out after 10008 milliseconds with 0 bytes received
[Method: GET, Route: cliente/index]
in VENDORPATH\rmccue\requests\src\Transport\Curl.php on line 490.
 1 VENDORPATH\rmccue\requests\src\Transport\Curl.php(219): WpOrg\Requests\Transport\Curl->process_response('', [...])
 2 VENDORPATH\rmccue\requests\src\Requests.php(469): WpOrg\Requests\Transport\Curl->request('https://wwws.sescmg.com.br/api/cadun/consumidor/consultar', [...], '{}', [...])
 3 VENDORPATH\rmccue\requests\src\Requests.php(342): WpOrg\Requests\Requests::request('https://wwws.sescmg.com.br/api/cadun/consumidor/consultar', [...], '{}', 'POST', [...])
 4 APPPATH\Controllers\BaseController.php(277): WpOrg\Requests\Requests::post('https://wwws.sescmg.com.br/api/cadun/consumidor/consultar', [...], '{}')
 5 APPPATH\Controllers\Cliente.php(45): App\Controllers\BaseController->request('https://wwws.sescmg.com.br/api/cadun/consumidor/consultar', 'post', '{}', null, true)
 6 SYSTEMPATH\CodeIgniter.php(933): App\Controllers\Cliente->index()
 7 SYSTEMPATH\CodeIgniter.php(509): CodeIgniter\CodeIgniter->runController(Object(App\Controllers\Cliente))
 8 SYSTEMPATH\CodeIgniter.php(355): CodeIgniter\CodeIgniter->handleRequest(null, Object(Config\Cache), false)
 9 SYSTEMPATH\Boot.php(325): CodeIgniter\CodeIgniter->run()
10 SYSTEMPATH\Boot.php(67): CodeIgniter\Boot::runCodeIgniter(Object(CodeIgniter\CodeIgniter))
11 FCPATH\index.php(61): CodeIgniter\Boot::bootWeb(Object(Config\Paths))
INFO - 2024-09-16 15:00:20 --> Session: Class initialized using 'CodeIgniter\Session\Handlers\FileHandler' driver.
INFO - 2024-09-16 15:00:21 --> Session: Class initialized using 'CodeIgniter\Session\Handlers\FileHandler' driver.
INFO - 2024-09-16 15:00:21 --> Session: Class initialized using 'CodeIgniter\Session\Handlers\FileHandler' driver.
INFO - 2024-09-16 15:00:22 --> Session: Class initialized using 'CodeIgniter\Session\Handlers\FileHandler' driver.
INFO - 2024-09-16 15:00:44 --> Session: Class initialized using 'CodeIgniter\Session\Handlers\FileHandler' driver.
INFO - 2024-09-16 15:00:44 --> Session: Class initialized using 'CodeIgniter\Session\Handlers\FileHandler' driver.
