INFO - 2024-09-23 16:32:47 --> Session: Class initialized using 'CodeIgniter\Session\Handlers\FileHandler' driver.
WARNING - 2024-09-23 16:32:47 --> Session: Sessions is enabled, and one exists. Please don't $session->start();
INFO - 2024-09-23 16:43:21 --> Session: Class initialized using 'CodeIgniter\Session\Handlers\FileHandler' driver.
INFO - 2024-09-23 16:43:26 --> Session: Class initialized using 'CodeIgniter\Session\Handlers\FileHandler' driver.
WARNING - 2024-09-23 16:43:26 --> Session: Sessions is enabled, and one exists. Please don't $session->start();
INFO - 2024-09-23 16:43:35 --> Session: Class initialized using 'CodeIgniter\Session\Handlers\FileHandler' driver.
WARNING - 2024-09-23 16:43:35 --> Session: Sessions is enabled, and one exists. Please don't $session->start();
INFO - 2024-09-23 16:43:40 --> Session: Class initialized using 'CodeIgniter\Session\Handlers\FileHandler' driver.
WARNING - 2024-09-23 16:43:40 --> Session: Sessions is enabled, and one exists. Please don't $session->start();
INFO - 2024-09-23 16:43:44 --> Session: Class initialized using 'CodeIgniter\Session\Handlers\FileHandler' driver.
CRITICAL - 2024-09-23 16:43:54 --> WpOrg\Requests\Exception: cURL error 28: Operation timed out after 10017 milliseconds with 0 bytes received
[Method: GET, Route: cliente/index]
in VENDORPATH\rmccue\requests\src\Transport\Curl.php on line 490.
 1 VENDORPATH\rmccue\requests\src\Transport\Curl.php(219): WpOrg\Requests\Transport\Curl->process_response('', [...])
 2 VENDORPATH\rmccue\requests\src\Requests.php(469): WpOrg\Requests\Transport\Curl->request('https://wwws.sescmg.com.br/api/cadun/consumidor/consultar', [...], '{}', [...])
 3 VENDORPATH\rmccue\requests\src\Requests.php(342): WpOrg\Requests\Requests::request('https://wwws.sescmg.com.br/api/cadun/consumidor/consultar', [...], '{}', 'POST', [...])
 4 APPPATH\Controllers\BaseController.php(277): WpOrg\Requests\Requests::post('https://wwws.sescmg.com.br/api/cadun/consumidor/consultar', [...], '{}')
 5 APPPATH\Controllers\Cliente.php(45): App\Controllers\BaseController->request('https://wwws.sescmg.com.br/api/cadun/consumidor/consultar', 'post', '{}', null, true)
 6 SYSTEMPATH\CodeIgniter.php(933): App\Controllers\Cliente->index()
 7 SYSTEMPATH\CodeIgniter.php(509): CodeIgniter\CodeIgniter->runController(Object(App\Controllers\Cliente))
 8 SYSTEMPATH\CodeIgniter.php(355): CodeIgniter\CodeIgniter->handleRequest(null, Object(Config\Cache), false)
 9 SYSTEMPATH\Boot.php(325): CodeIgniter\CodeIgniter->run()
10 SYSTEMPATH\Boot.php(67): CodeIgniter\Boot::runCodeIgniter(Object(CodeIgniter\CodeIgniter))
11 FCPATH\index.php(61): CodeIgniter\Boot::bootWeb(Object(Config\Paths))
INFO - 2024-09-23 16:43:55 --> Session: Class initialized using 'CodeIgniter\Session\Handlers\FileHandler' driver.
INFO - 2024-09-23 16:43:55 --> Session: Class initialized using 'CodeIgniter\Session\Handlers\FileHandler' driver.
INFO - 2024-09-23 16:43:56 --> Session: Class initialized using 'CodeIgniter\Session\Handlers\FileHandler' driver.
CRITICAL - 2024-09-23 16:44:06 --> WpOrg\Requests\Exception: cURL error 28: Operation timed out after 10012 milliseconds with 0 bytes received
[Method: GET, Route: cliente/index]
in VENDORPATH\rmccue\requests\src\Transport\Curl.php on line 490.
 1 VENDORPATH\rmccue\requests\src\Transport\Curl.php(219): WpOrg\Requests\Transport\Curl->process_response('', [...])
 2 VENDORPATH\rmccue\requests\src\Requests.php(469): WpOrg\Requests\Transport\Curl->request('https://wwws.sescmg.com.br/api/cadun/consumidor/consultar', [...], '{}', [...])
 3 VENDORPATH\rmccue\requests\src\Requests.php(342): WpOrg\Requests\Requests::request('https://wwws.sescmg.com.br/api/cadun/consumidor/consultar', [...], '{}', 'POST', [...])
 4 APPPATH\Controllers\BaseController.php(277): WpOrg\Requests\Requests::post('https://wwws.sescmg.com.br/api/cadun/consumidor/consultar', [...], '{}')
 5 APPPATH\Controllers\Cliente.php(45): App\Controllers\BaseController->request('https://wwws.sescmg.com.br/api/cadun/consumidor/consultar', 'post', '{}', null, true)
 6 SYSTEMPATH\CodeIgniter.php(933): App\Controllers\Cliente->index()
 7 SYSTEMPATH\CodeIgniter.php(509): CodeIgniter\CodeIgniter->runController(Object(App\Controllers\Cliente))
 8 SYSTEMPATH\CodeIgniter.php(355): CodeIgniter\CodeIgniter->handleRequest(null, Object(Config\Cache), false)
 9 SYSTEMPATH\Boot.php(325): CodeIgniter\CodeIgniter->run()
10 SYSTEMPATH\Boot.php(67): CodeIgniter\Boot::runCodeIgniter(Object(CodeIgniter\CodeIgniter))
11 FCPATH\index.php(61): CodeIgniter\Boot::bootWeb(Object(Config\Paths))
INFO - 2024-09-23 16:44:31 --> Session: Class initialized using 'CodeIgniter\Session\Handlers\FileHandler' driver.
CRITICAL - 2024-09-23 16:44:41 --> WpOrg\Requests\Exception: cURL error 28: Operation timed out after 10009 milliseconds with 0 bytes received
[Method: GET, Route: cliente/index]
in VENDORPATH\rmccue\requests\src\Transport\Curl.php on line 490.
 1 VENDORPATH\rmccue\requests\src\Transport\Curl.php(219): WpOrg\Requests\Transport\Curl->process_response('', [...])
 2 VENDORPATH\rmccue\requests\src\Requests.php(469): WpOrg\Requests\Transport\Curl->request('https://wwws.sescmg.com.br/api/cadun/consumidor/consultar', [...], '{}', [...])
 3 VENDORPATH\rmccue\requests\src\Requests.php(342): WpOrg\Requests\Requests::request('https://wwws.sescmg.com.br/api/cadun/consumidor/consultar', [...], '{}', 'POST', [...])
 4 APPPATH\Controllers\BaseController.php(277): WpOrg\Requests\Requests::post('https://wwws.sescmg.com.br/api/cadun/consumidor/consultar', [...], '{}')
 5 APPPATH\Controllers\Cliente.php(45): App\Controllers\BaseController->request('https://wwws.sescmg.com.br/api/cadun/consumidor/consultar', 'post', '{}', null, true)
 6 SYSTEMPATH\CodeIgniter.php(933): App\Controllers\Cliente->index()
 7 SYSTEMPATH\CodeIgniter.php(509): CodeIgniter\CodeIgniter->runController(Object(App\Controllers\Cliente))
 8 SYSTEMPATH\CodeIgniter.php(355): CodeIgniter\CodeIgniter->handleRequest(null, Object(Config\Cache), false)
 9 SYSTEMPATH\Boot.php(325): CodeIgniter\CodeIgniter->run()
10 SYSTEMPATH\Boot.php(67): CodeIgniter\Boot::runCodeIgniter(Object(CodeIgniter\CodeIgniter))
11 FCPATH\index.php(61): CodeIgniter\Boot::bootWeb(Object(Config\Paths))
INFO - 2024-09-23 16:44:41 --> Session: Class initialized using 'CodeIgniter\Session\Handlers\FileHandler' driver.
INFO - 2024-09-23 16:44:41 --> Session: Class initialized using 'CodeIgniter\Session\Handlers\FileHandler' driver.
INFO - 2024-09-23 16:45:42 --> Session: Class initialized using 'CodeIgniter\Session\Handlers\FileHandler' driver.
WARNING - 2024-09-23 16:45:42 --> Session: Sessions is enabled, and one exists. Please don't $session->start();
INFO - 2024-09-23 16:45:44 --> Session: Class initialized using 'CodeIgniter\Session\Handlers\FileHandler' driver.
CRITICAL - 2024-09-23 16:45:54 --> WpOrg\Requests\Exception: cURL error 28: Operation timed out after 10012 milliseconds with 0 bytes received
[Method: GET, Route: cliente/index]
in VENDORPATH\rmccue\requests\src\Transport\Curl.php on line 490.
 1 VENDORPATH\rmccue\requests\src\Transport\Curl.php(219): WpOrg\Requests\Transport\Curl->process_response('', [...])
 2 VENDORPATH\rmccue\requests\src\Requests.php(469): WpOrg\Requests\Transport\Curl->request('https://wwws.sescmg.com.br/api/cadun/consumidor/consultar', [...], '{}', [...])
 3 VENDORPATH\rmccue\requests\src\Requests.php(342): WpOrg\Requests\Requests::request('https://wwws.sescmg.com.br/api/cadun/consumidor/consultar', [...], '{}', 'POST', [...])
 4 APPPATH\Controllers\BaseController.php(277): WpOrg\Requests\Requests::post('https://wwws.sescmg.com.br/api/cadun/consumidor/consultar', [...], '{}')
 5 APPPATH\Controllers\Cliente.php(45): App\Controllers\BaseController->request('https://wwws.sescmg.com.br/api/cadun/consumidor/consultar', 'post', '{}', null, true)
 6 SYSTEMPATH\CodeIgniter.php(933): App\Controllers\Cliente->index()
 7 SYSTEMPATH\CodeIgniter.php(509): CodeIgniter\CodeIgniter->runController(Object(App\Controllers\Cliente))
 8 SYSTEMPATH\CodeIgniter.php(355): CodeIgniter\CodeIgniter->handleRequest(null, Object(Config\Cache), false)
 9 SYSTEMPATH\Boot.php(325): CodeIgniter\CodeIgniter->run()
10 SYSTEMPATH\Boot.php(67): CodeIgniter\Boot::runCodeIgniter(Object(CodeIgniter\CodeIgniter))
11 FCPATH\index.php(61): CodeIgniter\Boot::bootWeb(Object(Config\Paths))
INFO - 2024-09-23 16:45:54 --> Session: Class initialized using 'CodeIgniter\Session\Handlers\FileHandler' driver.
CRITICAL - 2024-09-23 16:46:04 --> WpOrg\Requests\Exception: cURL error 28: Operation timed out after 10010 milliseconds with 0 bytes received
[Method: GET, Route: cliente/index]
in VENDORPATH\rmccue\requests\src\Transport\Curl.php on line 490.
 1 VENDORPATH\rmccue\requests\src\Transport\Curl.php(219): WpOrg\Requests\Transport\Curl->process_response('', [...])
 2 VENDORPATH\rmccue\requests\src\Requests.php(469): WpOrg\Requests\Transport\Curl->request('https://wwws.sescmg.com.br/api/cadun/consumidor/consultar', [...], '{}', [...])
 3 VENDORPATH\rmccue\requests\src\Requests.php(342): WpOrg\Requests\Requests::request('https://wwws.sescmg.com.br/api/cadun/consumidor/consultar', [...], '{}', 'POST', [...])
 4 APPPATH\Controllers\BaseController.php(277): WpOrg\Requests\Requests::post('https://wwws.sescmg.com.br/api/cadun/consumidor/consultar', [...], '{}')
 5 APPPATH\Controllers\Cliente.php(45): App\Controllers\BaseController->request('https://wwws.sescmg.com.br/api/cadun/consumidor/consultar', 'post', '{}', null, true)
 6 SYSTEMPATH\CodeIgniter.php(933): App\Controllers\Cliente->index()
 7 SYSTEMPATH\CodeIgniter.php(509): CodeIgniter\CodeIgniter->runController(Object(App\Controllers\Cliente))
 8 SYSTEMPATH\CodeIgniter.php(355): CodeIgniter\CodeIgniter->handleRequest(null, Object(Config\Cache), false)
 9 SYSTEMPATH\Boot.php(325): CodeIgniter\CodeIgniter->run()
10 SYSTEMPATH\Boot.php(67): CodeIgniter\Boot::runCodeIgniter(Object(CodeIgniter\CodeIgniter))
11 FCPATH\index.php(61): CodeIgniter\Boot::bootWeb(Object(Config\Paths))
INFO - 2024-09-23 16:46:05 --> Session: Class initialized using 'CodeIgniter\Session\Handlers\FileHandler' driver.
CRITICAL - 2024-09-23 16:46:15 --> WpOrg\Requests\Exception: cURL error 28: Operation timed out after 10003 milliseconds with 0 bytes received
[Method: GET, Route: cliente/index]
in VENDORPATH\rmccue\requests\src\Transport\Curl.php on line 490.
 1 VENDORPATH\rmccue\requests\src\Transport\Curl.php(219): WpOrg\Requests\Transport\Curl->process_response('', [...])
 2 VENDORPATH\rmccue\requests\src\Requests.php(469): WpOrg\Requests\Transport\Curl->request('https://wwws.sescmg.com.br/api/cadun/consumidor/consultar', [...], '{}', [...])
 3 VENDORPATH\rmccue\requests\src\Requests.php(342): WpOrg\Requests\Requests::request('https://wwws.sescmg.com.br/api/cadun/consumidor/consultar', [...], '{}', 'POST', [...])
 4 APPPATH\Controllers\BaseController.php(277): WpOrg\Requests\Requests::post('https://wwws.sescmg.com.br/api/cadun/consumidor/consultar', [...], '{}')
 5 APPPATH\Controllers\Cliente.php(45): App\Controllers\BaseController->request('https://wwws.sescmg.com.br/api/cadun/consumidor/consultar', 'post', '{}', null, true)
 6 SYSTEMPATH\CodeIgniter.php(933): App\Controllers\Cliente->index()
 7 SYSTEMPATH\CodeIgniter.php(509): CodeIgniter\CodeIgniter->runController(Object(App\Controllers\Cliente))
 8 SYSTEMPATH\CodeIgniter.php(355): CodeIgniter\CodeIgniter->handleRequest(null, Object(Config\Cache), false)
 9 SYSTEMPATH\Boot.php(325): CodeIgniter\CodeIgniter->run()
10 SYSTEMPATH\Boot.php(67): CodeIgniter\Boot::runCodeIgniter(Object(CodeIgniter\CodeIgniter))
11 FCPATH\index.php(61): CodeIgniter\Boot::bootWeb(Object(Config\Paths))
INFO - 2024-09-23 16:46:15 --> Session: Class initialized using 'CodeIgniter\Session\Handlers\FileHandler' driver.
CRITICAL - 2024-09-23 16:46:26 --> WpOrg\Requests\Exception: cURL error 28: Operation timed out after 10011 milliseconds with 0 bytes received
[Method: GET, Route: cliente/index]
in VENDORPATH\rmccue\requests\src\Transport\Curl.php on line 490.
 1 VENDORPATH\rmccue\requests\src\Transport\Curl.php(219): WpOrg\Requests\Transport\Curl->process_response('', [...])
 2 VENDORPATH\rmccue\requests\src\Requests.php(469): WpOrg\Requests\Transport\Curl->request('https://wwws.sescmg.com.br/api/cadun/consumidor/consultar', [...], '{}', [...])
 3 VENDORPATH\rmccue\requests\src\Requests.php(342): WpOrg\Requests\Requests::request('https://wwws.sescmg.com.br/api/cadun/consumidor/consultar', [...], '{}', 'POST', [...])
 4 APPPATH\Controllers\BaseController.php(277): WpOrg\Requests\Requests::post('https://wwws.sescmg.com.br/api/cadun/consumidor/consultar', [...], '{}')
 5 APPPATH\Controllers\Cliente.php(45): App\Controllers\BaseController->request('https://wwws.sescmg.com.br/api/cadun/consumidor/consultar', 'post', '{}', null, true)
 6 SYSTEMPATH\CodeIgniter.php(933): App\Controllers\Cliente->index()
 7 SYSTEMPATH\CodeIgniter.php(509): CodeIgniter\CodeIgniter->runController(Object(App\Controllers\Cliente))
 8 SYSTEMPATH\CodeIgniter.php(355): CodeIgniter\CodeIgniter->handleRequest(null, Object(Config\Cache), false)
 9 SYSTEMPATH\Boot.php(325): CodeIgniter\CodeIgniter->run()
10 SYSTEMPATH\Boot.php(67): CodeIgniter\Boot::runCodeIgniter(Object(CodeIgniter\CodeIgniter))
11 FCPATH\index.php(61): CodeIgniter\Boot::bootWeb(Object(Config\Paths))
INFO - 2024-09-23 16:47:15 --> Session: Class initialized using 'CodeIgniter\Session\Handlers\FileHandler' driver.
INFO - 2024-09-23 16:47:22 --> Session: Class initialized using 'CodeIgniter\Session\Handlers\FileHandler' driver.
INFO - 2024-09-23 16:47:26 --> Session: Class initialized using 'CodeIgniter\Session\Handlers\FileHandler' driver.
INFO - 2024-09-23 16:47:27 --> Session: Class initialized using 'CodeIgniter\Session\Handlers\FileHandler' driver.
INFO - 2024-09-23 16:47:29 --> Session: Class initialized using 'CodeIgniter\Session\Handlers\FileHandler' driver.
INFO - 2024-09-23 16:47:31 --> Session: Class initialized using 'CodeIgniter\Session\Handlers\FileHandler' driver.
INFO - 2024-09-23 16:47:35 --> Session: Class initialized using 'CodeIgniter\Session\Handlers\FileHandler' driver.
INFO - 2024-09-23 16:47:39 --> Session: Class initialized using 'CodeIgniter\Session\Handlers\FileHandler' driver.
INFO - 2024-09-23 16:47:42 --> Session: Class initialized using 'CodeIgniter\Session\Handlers\FileHandler' driver.
INFO - 2024-09-23 16:47:48 --> Session: Class initialized using 'CodeIgniter\Session\Handlers\FileHandler' driver.
